Using pre-set license
Built from '2020.3/china_unity/release' branch; Version is '2020.3.4f1c1 (3d27070cb163) revision 4007687'; Using compiler version '192528614'; Build Type 'Release'
OS: 'Windows 10 Pro; OS build 18363.1500; Version 1909; 64bit' Language: 'zh' Physical Memory: 4003 MB
BatchMode: 1, IsHumanControllingUs: 0, StartBugReporterOnCrash: 0, Is64bit: 1, IsPro: 0

 COMMAND LINE ARGUMENTS:
C:\Program Files\Unity\Hub\Editor\2020.3.4f1c1\Editor\Unity.exe
-adb2
-batchMode
-noUpm
-name
AssetImportWorker0
-projectPath
G:/unity/game/first one
-logFile
Logs/AssetImportWorker0.log
-srvPort
50525
Successfully changed project path to: G:/unity/game/first one
G:/unity/game/first one
Using Asset Import Pipeline V2.
Refreshing native plugins compatible for Editor in 59.04 ms, found 1 plugins.
Preloading 0 native plugins for Editor in 0.00 ms.
Initialize engine version: 2020.3.4f1c1 (3d27070cb163)
[Subsystems] Discovering subsystems at path C:/Program Files/Unity/Hub/Editor/2020.3.4f1c1/Editor/Data/Resources/UnitySubsystems
[Subsystems] Discovering subsystems at path G:/unity/game/first one/Assets
GfxDevice: creating device client; threaded=0
Direct3D:
    Version:  Direct3D 11.0 [level 11.0]
    Renderer: NVIDIA GeForce GTX 950M (ID=0x139a)
    Vendor:   
    VRAM:     4055 MB
    Driver:   26.21.14.4141
Initialize mono
Mono path[0] = 'C:/Program Files/Unity/Hub/Editor/2020.3.4f1c1/Editor/Data/Managed'
Mono path[1] = 'C:/Program Files/Unity/Hub/Editor/2020.3.4f1c1/Editor/Data/MonoBleedingEdge/lib/mono/unityjit'
Mono config path = 'C:/Program Files/Unity/Hub/Editor/2020.3.4f1c1/Editor/Data/MonoBleedingEdge/etc'
Using monoOptions --debugger-agent=transport=dt_socket,embedding=1,server=y,suspend=n,address=127.0.0.1:56572
Begin MonoManager ReloadAssembly
Registering precompiled unity dll's ...
Register platform support module: C:/Program Files/Unity/Hub/Editor/2020.3.4f1c1/Editor/Data/PlaybackEngines/WebGLSupport/UnityEditor.WebGL.Extensions.dll
Register platform support module: C:/Program Files/Unity/Hub/Editor/2020.3.4f1c1/Editor/Data/PlaybackEngines/MacStandaloneSupport/UnityEditor.OSXStandalone.Extensions.dll
Register platform support module: C:/Program Files/Unity/Hub/Editor/2020.3.4f1c1/Editor/Data/PlaybackEngines/WindowsStandaloneSupport/UnityEditor.WindowsStandalone.Extensions.dll
Register platform support module: C:/Program Files/Unity/Hub/Editor/2020.3.4f1c1/Editor/Data/PlaybackEngines/LinuxStandaloneSupport/UnityEditor.LinuxStandalone.Extensions.dll
Register platform support module: C:/Program Files/Unity/Hub/Editor/2020.3.4f1c1/Editor/Data/PlaybackEngines/LuminSupport/UnityEditor.Lumin.Extensions.dll
Registered in 0.007153 seconds.
Native extension for Lumin target not found
Native extension for LinuxStandalone target not found
Native extension for WindowsStandalone target not found
Native extension for OSXStandalone target not found
Native extension for WebGL target not found
Refreshing native plugins compatible for Editor in 60.12 ms, found 1 plugins.
Preloading 0 native plugins for Editor in 0.00 ms.
Mono: successfully reloaded assembly
- Completed reload, in  6.039 seconds
Platform modules already initialized, skipping
Registering precompiled user dll's ...
Registered in 0.009822 seconds.
Begin MonoManager ReloadAssembly
Native extension for Lumin target not found
Native extension for LinuxStandalone target not found
Native extension for WindowsStandalone target not found
Native extension for OSXStandalone target not found
Native extension for WebGL target not found
Refreshing native plugins compatible for Editor in 51.90 ms, found 1 plugins.
Preloading 0 native plugins for Editor in 0.00 ms.
Mono: successfully reloaded assembly
- Completed reload, in  1.831 seconds
Platform modules already initialized, skipping
========================================================================
Worker process is ready to serve import requests
Launched and connected shader compiler UnityShaderCompiler.exe after 0.12 seconds
Refreshing native plugins compatible for Editor in 0.72 ms, found 1 plugins.
Preloading 0 native plugins for Editor in 0.00 ms.
Unloading 1808 Unused Serialized files (Serialized files now loaded: 0)
System memory in use before: 87.3 MB.
System memory in use after: 87.4 MB.

Unloading 19 unused Assets to reduce memory usage. Loaded Objects now: 2255.
Total: 2.859600 ms (FindLiveObjects: 0.221300 ms CreateObjectMapping: 0.102300 ms MarkObjects: 2.449900 ms  DeleteObjects: 0.084200 ms)

========================================================================
Received Import Request.
  path: Assets/background/env_TowerFull.png
  artifactKey: Guid(358d167c9c836854d94e2e6bdf7121b7) Importer(815301076,1909f56bfc062723c751e8b465ee728b)
Start importing Assets/background/env_TowerFull.png using Guid(358d167c9c836854d94e2e6bdf7121b7) Importer(815301076,1909f56bfc062723c751e8b465ee728b)  -> (artifact id: 'a4b9970d9237c84e2ee67f8faf58c9d0') in 0.159534 seconds
  Import took 0.179050 seconds .

========================================================================
Received Import Request.
  Time since last request: 14.921067 seconds.
  path: Assets/background/env_TowerFull.png
  artifactKey: Guid(358d167c9c836854d94e2e6bdf7121b7) Importer(815301076,1909f56bfc062723c751e8b465ee728b)
Start importing Assets/background/env_TowerFull.png using Guid(358d167c9c836854d94e2e6bdf7121b7) Importer(815301076,1909f56bfc062723c751e8b465ee728b)  -> (artifact id: 'b3ff956c5aa29d518725b689d08a4569') in 0.036115 seconds
  Import took 0.051599 seconds .

========================================================================
Received Import Request.
  Time since last request: 65.267342 seconds.
  path: ProjectSettings/TagManager.asset
  artifactKey: Guid(00000000000000003000000000000000) Importer(815301076,1909f56bfc062723c751e8b465ee728b)
Start importing ProjectSettings/TagManager.asset using Guid(00000000000000003000000000000000) Importer(815301076,1909f56bfc062723c751e8b465ee728b)  -> (artifact id: '049d51a7276d140f85d5101a32656319') in 0.030917 seconds
  Import took 0.046241 seconds .

========================================================================
Received Import Request.
  Time since last request: 0.000550 seconds.
  path: ProjectSettings/TagManager.asset
  artifactKey: Guid(00000000000000003000000000000000) Importer(815301076,1909f56bfc062723c751e8b465ee728b)
Start importing ProjectSettings/TagManager.asset using Guid(00000000000000003000000000000000) Importer(815301076,1909f56bfc062723c751e8b465ee728b)  -> (artifact id: '049d51a7276d140f85d5101a32656319') in 0.004971 seconds
  Import took 0.014047 seconds .

========================================================================
Received Import Request.
  Time since last request: 166.714779 seconds.
  path: Assets/background/env_PlatformTop.png
  artifactKey: Guid(71db2157f80c687468219fc9a532ba8e) Importer(815301076,1909f56bfc062723c751e8b465ee728b)
Start importing Assets/background/env_PlatformTop.png using Guid(71db2157f80c687468219fc9a532ba8e) Importer(815301076,1909f56bfc062723c751e8b465ee728b)  -> (artifact id: '98d825d2adc41ef9b0f777015b0312d6') in 0.048749 seconds
  Import took 0.079318 seconds .

========================================================================
Received Import Request.
  Time since last request: 556.265266 seconds.
  path: Assets
  artifactKey: Guid(00000000000000001000000000000000) Importer(815301076,1909f56bfc062723c751e8b465ee728b)
Start importing Assets using Guid(00000000000000001000000000000000) Importer(815301076,1909f56bfc062723c751e8b465ee728b)  -> (artifact id: '093e4ab8397071375e7c7a5066b77161') in 0.032144 seconds
  Import took 0.052927 seconds .

========================================================================
Received Import Request.
  Time since last request: 9.371508 seconds.
  path: Assets/man
  artifactKey: Guid(120c7ec1b967b974db7e965305acc724) Importer(815301076,1909f56bfc062723c751e8b465ee728b)
Start importing Assets/man using Guid(120c7ec1b967b974db7e965305acc724) Importer(815301076,1909f56bfc062723c751e8b465ee728b)  -> (artifact id: 'eeb907b4d54b3f8c42db49679b1ccdc6') in 0.024144 seconds
  Import took 0.035678 seconds .

========================================================================
Received Import Request.
  Time since last request: 24.091274 seconds.
  path: Assets/man/char_enemy_alienShip-damaged.png
  artifactKey: Guid(5ea5a77a97e890b4db0e12eb61f6cfcd) Importer(815301076,1909f56bfc062723c751e8b465ee728b)
Start importing Assets/man/char_enemy_alienShip-damaged.png using Guid(5ea5a77a97e890b4db0e12eb61f6cfcd) Importer(815301076,1909f56bfc062723c751e8b465ee728b)  -> (artifact id: 'e9bc6af36c2b4a451ddd638a055695ba') in 0.090369 seconds
  Import took 0.097148 seconds .

========================================================================
Received Import Request.
  Time since last request: 0.000272 seconds.
  path: Assets/man/char_enemy_alienShip-dead.png
  artifactKey: Guid(b8f42e0f91b815340a2806037fb43df3) Importer(815301076,1909f56bfc062723c751e8b465ee728b)
Start importing Assets/man/char_enemy_alienShip-dead.png using Guid(b8f42e0f91b815340a2806037fb43df3) Importer(815301076,1909f56bfc062723c751e8b465ee728b)  -> (artifact id: '2612fe60c8531c71614213bdd3b41097') in 0.059666 seconds
  Import took 0.080112 seconds .

========================================================================
Received Import Request.
  Time since last request: 0.000241 seconds.
  path: Assets/man/char_enemy_alienSlug-dead.png
  artifactKey: Guid(57060aedff6c983478b014fd9bdfeaab) Importer(815301076,1909f56bfc062723c751e8b465ee728b)
Start importing Assets/man/char_enemy_alienSlug-dead.png using Guid(57060aedff6c983478b014fd9bdfeaab) Importer(815301076,1909f56bfc062723c751e8b465ee728b)  -> (artifact id: 'afb6869f0e6c0021f3c0e26c2dcfb41d') in 0.048136 seconds
  Import took 0.056284 seconds .

========================================================================
Received Import Request.
  Time since last request: 0.000546 seconds.
  path: Assets/man/char_enemy_alienSlug.png
  artifactKey: Guid(143260cda690b0f4ea956f5aed6b93a6) Importer(815301076,1909f56bfc062723c751e8b465ee728b)
Start importing Assets/man/char_enemy_alienSlug.png using Guid(143260cda690b0f4ea956f5aed6b93a6) Importer(815301076,1909f56bfc062723c751e8b465ee728b)  -> (artifact id: '50ed15f62223db400d8d8b7aef91dad5') in 0.076257 seconds
  Import took 0.081990 seconds .

========================================================================
Received Import Request.
  Time since last request: 0.000317 seconds.
  path: Assets/man/char_hero_beanMan.png
  artifactKey: Guid(6c75e683b5b779c45abf48fcb886b27d) Importer(815301076,1909f56bfc062723c751e8b465ee728b)
Start importing Assets/man/char_hero_beanMan.png using Guid(6c75e683b5b779c45abf48fcb886b27d) Importer(815301076,1909f56bfc062723c751e8b465ee728b)  -> (artifact id: 'de2d21b3817cd9ac87eb63834fbc4240') in 0.084154 seconds
  Import took 0.101085 seconds .

========================================================================
Received Import Request.
  Time since last request: 0.000261 seconds.
  path: Assets/man/char_enemy_alienShip.png
  artifactKey: Guid(dbea5abe0407a3b4ca07faac94e32a47) Importer(815301076,1909f56bfc062723c751e8b465ee728b)
Start importing Assets/man/char_enemy_alienShip.png using Guid(dbea5abe0407a3b4ca07faac94e32a47) Importer(815301076,1909f56bfc062723c751e8b465ee728b)  -> (artifact id: '511ab464fd7843c09ee6a882cdb8f674') in 0.058818 seconds
  Import took 0.063607 seconds .

========================================================================
Received Import Request.
  Time since last request: 34.022183 seconds.
  path: Assets/man/char_hero_beanMan.png
  artifactKey: Guid(6c75e683b5b779c45abf48fcb886b27d) Importer(815301076,1909f56bfc062723c751e8b465ee728b)
Start importing Assets/man/char_hero_beanMan.png using Guid(6c75e683b5b779c45abf48fcb886b27d) Importer(815301076,1909f56bfc062723c751e8b465ee728b)  -> (artifact id: '906578e4b96bd78c4ff6000f471e339c') in 0.054185 seconds
  Import took 0.060505 seconds .

========================================================================
Received Import Request.
  Time since last request: 105.171742 seconds.
  path: Assets/man/char_hero_beanMan.png
  artifactKey: Guid(6c75e683b5b779c45abf48fcb886b27d) Importer(815301076,1909f56bfc062723c751e8b465ee728b)
Start importing Assets/man/char_hero_beanMan.png using Guid(6c75e683b5b779c45abf48fcb886b27d) Importer(815301076,1909f56bfc062723c751e8b465ee728b)  -> (artifact id: '4d7ea9e040d2173ee35ba20282293195') in 0.060366 seconds
  Import took 0.070521 seconds .

========================================================================
Received Import Request.
  Time since last request: 327.453108 seconds.
  path: Assets/man/char_hero_beanMan.png
  artifactKey: Guid(6c75e683b5b779c45abf48fcb886b27d) Importer(815301076,1909f56bfc062723c751e8b465ee728b)
Start importing Assets/man/char_hero_beanMan.png using Guid(6c75e683b5b779c45abf48fcb886b27d) Importer(815301076,1909f56bfc062723c751e8b465ee728b)  -> (artifact id: '052509bf81fd12b6d4e2af264787d69c') in 0.087846 seconds
  Import took 0.095788 seconds .

